<?xml version="1.0" encoding="UTF-8"?>
<testng-results ignored="0" total="1" passed="1" failed="0" skipped="0">
  <reporter-output>
  </reporter-output>
  <suite started-at="2022-03-09T15:42:32 IST" name="Default suite" finished-at="2022-03-09T15:43:13 IST" duration-ms="41600">
    <groups>
    </groups>
    <test started-at="2022-03-09T15:42:32 IST" name="Default test" finished-at="2022-03-09T15:43:13 IST" duration-ms="41600">
      <class name="UserActions.TransferMoney">
        <test-method signature="TransferMoney()[pri:0, instance:UserActions.TransferMoney@4ddced80]" started-at="2022-03-09T15:42:32 IST" name="TransferMoney" finished-at="2022-03-09T15:43:13 IST" duration-ms="41430" status="PASS">
          <reporter-output>
          </reporter-output>
        </test-method> <!-- TransferMoney -->
      </class> <!-- UserActions.TransferMoney -->
    </test> <!-- Default test -->
  </suite> <!-- Default suite -->
</testng-results>
